[38;5;112m[Appium][0m Welcome to Appium v2.18.0
[38;5;112m[Appium][0m Non-default server args:
[38;5;112m[Appium][0m { basePath: [32m'/wd/hub'[39m, loglevel: [32m'info'[39m, port: [33m57177[39m }
[38;5;112m[Appium][0m Attempting to load driver uiautomator2...
[38;5;112m[Appium][0m Appium REST http interface listener started on http://0.0.0.0:57177/wd/hub
[38;5;112m[Appium][0m You can provide the following URLs in your client code to connect to this server:
	http://192.168.100.12:57177/wd/hub
	http://127.0.0.1:57177/wd/hub (only accessible from the same host)
[38;5;112m[Appium][0m Available drivers:
[38;5;112m[Appium][0m   - uiautomator2@4.2.3 (automationName 'UiAutomator2')
[38;5;112m[Appium][0m No plugins have been installed. Use the "appium plugin" command to install the one(s) you want to use.
[38;5;86m[HTTP][0m [37m-->[39m [37mGET[39m [37m/wd/hub/status[39m [90m{}[39m
[38;5;86m[HTTP][0m [37m<-- GET /wd/hub/status [39m[32m200[39m [90m12 ms - 111[39m [90m[39m
[38;5;86m[HTTP][0m [37m-->[39m [37mGET[39m [37m/wd/hub/status[39m [90m{}[39m
[38;5;86m[HTTP][0m [37m<-- GET /wd/hub/status [39m[32m200[39m [90m2 ms - 111[39m [90m[39m
[38;5;86m[HTTP][0m [37m-->[39m [37mPOST[39m [37m/wd/hub/session[39m [90m{"desiredCapabilities":{"appium:systemPort":8214,"appium:newCommandTimeout":1800,"appium:automationName":"UiAutomator2","appium:platformVersion":"15","appium:deviceId":"10DD5800J100055","appium:noReset":true,"appium:udid":"10DD5800J100055","appium:autoGrantPermissions":true,"appium:platformName":"ANDROID","appium:appActivity":"com.traveloka.android.appentry.splash.SplashActivity","appium:deviceName":"vivo V2218 (Android 15)","platformName":"Android","appium:app":"C:\\Project Bootcamp\\Project_katalon_Traveloka_Mobile\\Traveloka\\Katalon_APKs\\com.traveloka.android.apk","appium:appPackage":"com.traveloka.android"},"capabilities":{"firstMatch":[{"appium:app":"C:\\Project Bootcamp\\Project_katalon_Traveloka_Mobile\\Traveloka\\Katalon_APKs\\com.traveloka.android.apk","appium:appActivity":"com.traveloka.android.appentry.splash.SplashActivity","appium:appPackage":"com.traveloka.android","appium:autoGrantPermissions":true,"appium:automationName":"UiAutomator2","appium:deviceId":"10DD5800J100055","appium:deviceNam...[39m
[38;5;123m[BaseDriver][0m Ignoring capability 'appium:platformName=ANDROID' and using capability 'platformName=android'
[38;5;123m[BaseDriver][0m The capabilities ["platformName"] are standard capabilities and do not require "appium:" prefix
[38;5;112m[Appium][0m Attempting to find matching driver for automationName 'UiAutomator2' and platformName 'android'
[38;5;112m[Appium][0m The 'uiautomator2' driver was installed and matched caps.
[38;5;112m[Appium][0m Will require it at C:\Users\albar\.appium\node_modules\appium-uiautomator2-driver
[38;5;180m[AppiumDriver@a2ef][0m Appium v2.18.0 creating new AndroidUiautomator2Driver (v4.2.3) session
[38;5;180m[AppiumDriver@a2ef][0m Checking BaseDriver versions for Appium and AndroidUiautomator2Driver
[38;5;180m[AppiumDriver@a2ef][0m Appium's BaseDriver version is 9.17.0
[38;5;180m[AppiumDriver@a2ef][0m AndroidUiautomator2Driver's BaseDriver version is 9.17.0
[38;5;-72m[AndroidUiautomator2Driver@2e91][0m The following provided capabilities were not recognized by this driver:
[38;5;-72m[AndroidUiautomator2Driver@2e91][0m   deviceId
[38;5;146m[2cc1629d][0m[38;5;-72m[AndroidUiautomator2Driver@2e91][0m Session created with session id: 2cc1629d-b557-4d30-ae92-fbcd2d49d370
[38;5;146m[2cc1629d][0m[38;5;229m[ADB][0m Found 3 'build-tools' folders under 'C:\Users\albar\AppData\Local\Android\Sdk' (newest first):
[38;5;146m[2cc1629d][0m[38;5;229m[ADB][0m     C:\Users\albar\AppData\Local\Android\Sdk\build-tools\36.0.0
[38;5;146m[2cc1629d][0m[38;5;229m[ADB][0m     C:\Users\albar\AppData\Local\Android\Sdk\build-tools\35.0.1
[38;5;146m[2cc1629d][0m[38;5;229m[ADB][0m     C:\Users\albar\AppData\Local\Android\Sdk\build-tools\35.0.0
[38;5;146m[2cc1629d][0m[38;5;229m[ADB][0m Using 'adb.exe' from 'C:\Users\albar\AppData\Local\Android\Sdk\platform-tools\adb.exe'
[38;5;146m[2cc1629d][0m[38;5;-72m[AndroidUiautomator2Driver@2e91][0m Retrieving device list
[38;5;146m[2cc1629d][0m[38;5;-72m[AndroidUiautomator2Driver@2e91][0m Using device: 10DD5800J100055
[38;5;146m[2cc1629d][0m[38;5;229m[ADB][0m Using 'adb.exe' from 'C:\Users\albar\AppData\Local\Android\Sdk\platform-tools\adb.exe'
[38;5;146m[2cc1629d][0m[38;5;123m[BaseDriver][0m Using local app 'C:\Project Bootcamp\Project_katalon_Traveloka_Mobile\Traveloka\Katalon_APKs\com.traveloka.android.apk'
[38;5;146m[2cc1629d][0m[38;5;229m[ADB][0m Getting device platform version
[38;5;146m[2cc1629d][0m[38;5;-72m[AndroidUiautomator2Driver@2e91][0m Relaxing hidden api policy
[38;5;146m[2cc1629d][0m[38;5;229m[ADB][0m Using 'aapt2.exe' from 'C:\Users\albar\AppData\Local\Android\Sdk\build-tools\36.0.0\aapt2.exe'
[38;5;146m[2cc1629d][0m[38;5;-72m[AndroidUiautomator2Driver@2e91][0m Server packages are not going to be (re)installed
[38;5;146m[2cc1629d][0m[38;5;229m[ADB][0m Adding packages ["io.appium.settings","io.appium.uiautomator2.server","io.appium.uiautomator2.server.test"] to Doze whitelist
[38;5;146m[2cc1629d][0m[38;5;-72m[AndroidUiautomator2Driver@2e91][0m Starting UIAutomator2 server 7.5.2
[38;5;146m[2cc1629d][0m[38;5;-72m[AndroidUiautomator2Driver@2e91][0m Using UIAutomator2 server from 'C:\Users\albar\.appium\node_modules\appium-uiautomator2-driver\node_modules\appium-uiautomator2-server\apks\appium-uiautomator2-server-v7.5.2.apk' and test from 'C:\Users\albar\.appium\node_modules\appium-uiautomator2-driver\node_modules\appium-uiautomator2-server\apks\appium-uiautomator2-server-debug-androidTest.apk'
[38;5;146m[2cc1629d][0m[38;5;-72m[AndroidUiautomator2Driver@2e91][0m Waiting up to 30000ms for UiAutomator2 to be online...
[38;5;146m[2cc1629d][0m[38;5;-72m[AndroidUiautomator2Driver@2e91][0m socket hang up
[38;5;146m[2cc1629d][0m[38;5;-72m[AndroidUiautomator2Driver@2e91][0m socket hang up
[38;5;146m[2cc1629d][0m[38;5;-72m[AndroidUiautomator2Driver@2e91][0m Determined the downstream protocol as 'W3C'
[38;5;146m[2cc1629d][0m[38;5;-72m[AndroidUiautomator2Driver@2e91][0m Screen already unlocked, doing nothing
[38;5;146m[2cc1629d][0m[38;5;-72m[AndroidUiautomator2Driver@2e91][0m Starting 'com.traveloka.android/com.traveloka.android.appentry.splash.SplashActivity' and waiting for 'com.traveloka.android/com.traveloka.android.appentry.splash.SplashActivity'
[38;5;146m[2cc1629d][0m[38;5;-72m[AndroidUiautomator2Driver@2e91][0m 'com.traveloka.android' is already running and noReset is enabled. Set forceAppLaunch capability to true if the app must be forcefully restarted on session startup.
[38;5;146m[2cc1629d][0m[38;5;180m[AppiumDriver@a2ef][0m New AndroidUiautomator2Driver session created successfully, session 2cc1629d-b557-4d30-ae92-fbcd2d49d370 added to master session list
[38;5;146m[2cc1629d][0m[38;5;86m[HTTP][0m [37m<-- POST /wd/hub/session [39m[32m200[39m [90m6261 ms - 1496[39m [90m[39m
[38;5;146m[2cc1629d][0m[38;5;86m[HTTP][0m [37m-->[39m [37mGET[39m [37m/wd/hub/session/2cc1629d-b557-4d30-ae92-fbcd2d49d370[39m [90m{}[39m
[38;5;146m[2cc1629d][0m[38;5;-72m[AndroidUiautomator2Driver@2e91][0m Command 'getSession' has been deprecated and will be removed in a future version of Appium or your driver/plugin. Please use a different method or contact the driver/plugin author to add explicit support for the command before it is removed
[38;5;146m[2cc1629d][0m[38;5;86m[HTTP][0m [37m<-- GET /wd/hub/session/2cc1629d-b557-4d30-ae92-fbcd2d49d370 [39m[32m200[39m [90m43 ms - 513[39m [90m[39m
[38;5;146m[2cc1629d][0m[38;5;86m[HTTP][0m [37m-->[39m [37mGET[39m [37m/wd/hub/session/2cc1629d-b557-4d30-ae92-fbcd2d49d370[39m [90m{}[39m
[38;5;146m[2cc1629d][0m[38;5;86m[HTTP][0m [37m<-- GET /wd/hub/session/2cc1629d-b557-4d30-ae92-fbcd2d49d370 [39m[32m200[39m [90m46 ms - 513[39m [90m[39m
[38;5;86m[HTTP][0m [37m-->[39m [37mGET[39m [37m/wd/hub/status[39m [90m{}[39m
[38;5;86m[HTTP][0m [37m<-- GET /wd/hub/status [39m[32m200[39m [90m2 ms - 111[39m [90m[39m
[38;5;146m[2cc1629d][0m[38;5;86m[HTTP][0m [37m-->[39m [37mPOST[39m [37m/wd/hub/session/2cc1629d-b557-4d30-ae92-fbcd2d49d370/timeouts[39m [90m{"implicit":60000}[39m
[38;5;146m[2cc1629d][0m[38;5;86m[HTTP][0m [37m<-- POST /wd/hub/session/2cc1629d-b557-4d30-ae92-fbcd2d49d370/timeouts [39m[32m200[39m [90m7 ms - 14[39m [90m[39m
[38;5;146m[2cc1629d][0m[38;5;86m[HTTP][0m [37m-->[39m [37mGET[39m [37m/wd/hub/session/2cc1629d-b557-4d30-ae92-fbcd2d49d370/appium/device/system_bars[39m [90m{}[39m
[38;5;146m[2cc1629d][0m[38;5;-72m[AndroidUiautomator2Driver@2e91][0m Command 'getSystemBars' has been deprecated and will be removed in a future version of Appium or your driver/plugin. Please use a different method or contact the driver/plugin author to add explicit support for the command before it is removed
[38;5;146m[2cc1629d][0m[38;5;86m[HTTP][0m [37m<-- GET /wd/hub/session/2cc1629d-b557-4d30-ae92-fbcd2d49d370/appium/device/system_bars [39m[31m500[39m [90m266 ms - 684[39m [90m[39m
[38;5;146m[2cc1629d][0m[38;5;86m[HTTP][0m [37m-->[39m [37mPOST[39m [37m/wd/hub/session/2cc1629d-b557-4d30-ae92-fbcd2d49d370/execute/sync[39m [90m{"script":"mobile:viewportRect","args":[]}[39m
[38;5;146m[2cc1629d][0m[38;5;86m[HTTP][0m [37m<-- POST /wd/hub/session/2cc1629d-b557-4d30-ae92-fbcd2d49d370/execute/sync [39m[32m200[39m [90m65 ms - 56[39m [90m[39m
[38;5;146m[2cc1629d][0m[38;5;86m[HTTP][0m [37m-->[39m [37mPOST[39m [37m/wd/hub/session/2cc1629d-b557-4d30-ae92-fbcd2d49d370/appium/device/activate_app[39m [90m{"bundleId":"com.traveloka.android"}[39m
[38;5;146m[2cc1629d][0m[38;5;86m[HTTP][0m [37m<-- POST /wd/hub/session/2cc1629d-b557-4d30-ae92-fbcd2d49d370/appium/device/activate_app [39m[32m200[39m [90m326 ms - 14[39m [90m[39m
[38;5;146m[2cc1629d][0m[38;5;86m[HTTP][0m [37m-->[39m [37mGET[39m [37m/wd/hub/session/2cc1629d-b557-4d30-ae92-fbcd2d49d370/source[39m [90m{}[39m
[38;5;146m[2cc1629d][0m[38;5;-72m[AndroidUiautomator2Driver@2e91][0m Driver proxy active, passing request on via HTTP proxy
[38;5;146m[2cc1629d][0m[38;5;-72m[AndroidUiautomator2Driver@2e91][0m Replacing sessionId f7eac254-7a33-4f7e-95ac-0b18528a81ac with 2cc1629d-b557-4d30-ae92-fbcd2d49d370
[38;5;146m[2cc1629d][0m[38;5;86m[HTTP][0m [37m<-- GET /wd/hub/session/2cc1629d-b557-4d30-ae92-fbcd2d49d370/source [39m[32m200[39m [90m1603 ms - 44881[39m [90m[39m
[38;5;146m[2cc1629d][0m[38;5;86m[HTTP][0m [37m-->[39m [37mGET[39m [37m/wd/hub/session/2cc1629d-b557-4d30-ae92-fbcd2d49d370/screenshot[39m [90m{}[39m
[38;5;146m[2cc1629d][0m[38;5;86m[HTTP][0m [37m<-- GET /wd/hub/session/2cc1629d-b557-4d30-ae92-fbcd2d49d370/screenshot [39m[32m200[39m [90m609 ms - 310292[39m [90m[39m
[38;5;146m[2cc1629d][0m[38;5;86m[HTTP][0m [37m-->[39m [37mDELETE[39m [37m/wd/hub/session/2cc1629d-b557-4d30-ae92-fbcd2d49d370[39m [90m{}[39m
[38;5;146m[2cc1629d][0m[38;5;180m[AppiumDriver@a2ef][0m Removing session 2cc1629d-b557-4d30-ae92-fbcd2d49d370 from our master session list
[38;5;146m[2cc1629d][0m[38;5;-72m[AndroidUiautomator2Driver@2e91][0m Restoring hidden api policy to the device default configuration
[38;5;146m[2cc1629d][0m[38;5;86m[HTTP][0m [37m<-- DELETE /wd/hub/session/2cc1629d-b557-4d30-ae92-fbcd2d49d370 [39m[32m200[39m [90m1011 ms - 14[39m [90m[39m
